#
# There is insufficient memory for the Java Runtime Environment to continue.
# Native memory allocation (malloc) failed to allocate 1395696 bytes for Chunk::new
# Possible reasons:
#   The system is out of physical RAM or swap space
#   The process is running with CompressedOops enabled, and the Java Heap may be blocking the growth of the native heap
# Possible solutions:
#   Reduce memory load on the system
#   Increase physical memory or swap space
#   Check if swap backing store is full
#   Decrease Java heap size (-Xmx/-Xms)
#   Decrease number of Java threads
#   Decrease Java thread stack sizes (-Xss)
#   Set larger code cache with -XX:ReservedCodeCacheSize=
#   JVM is running with Unscaled Compressed Oops mode in which the Java heap is
#     placed in the first 4GB address space. The Java Heap base address is the
#     maximum limit for the native heap growth. Please use -XX:HeapBaseMinAddress
#     to set the Java Heap base and to place the Java Heap above 4GB virtual address.
# This output file may be truncated or incomplete.
#
#  Out of Memory Error (arena.cpp:189), pid=16264, tid=17344
#
# JRE version: Java(TM) SE Runtime Environment (17.0.12+8) (build 17.0.12+8-LTS-286)
# Java VM: Java HotSpot(TM) 64-Bit Server VM (17.0.12+8-LTS-286, mixed mode, sharing, tiered, compressed oops, compressed class ptrs, g1 gc, windows-amd64)
# No core dump will be written. Minidumps are not enabled by default on client versions of Windows
#

---------------  S U M M A R Y ------------

Command Line: --enable-native-access=ALL-UNNAMED -Dclassworlds.conf=C:\Users\heman\.m2\wrapper\dists\apache-maven-3.9.12\59fe215c0ad6947fea90184bf7add084544567b927287592651fda3782e0e798\bin\m2.conf -Dmaven.home=C:\Users\heman\.m2\wrapper\dists\apache-maven-3.9.12\59fe215c0ad6947fea90184bf7add084544567b927287592651fda3782e0e798 -Dlibrary.jansi.path=C:\Users\heman\.m2\wrapper\dists\apache-maven-3.9.12\59fe215c0ad6947fea90184bf7add084544567b927287592651fda3782e0e798\lib\jansi-native -Dmaven.multiModuleProjectDirectory=C:\Users\heman\Downloads\elearning\elearning org.codehaus.plexus.classworlds.launcher.Launcher spring-boot:run -DskipTests

Host: Intel(R) Core(TM) i3-10110U CPU @ 2.10GHz, 4 cores, 3G,  Windows 11 , 64 bit Build 26100 (10.0.26100.7309)
Time: Tue Dec 30 17:08:41 2025 India Standard Time elapsed time: 10.644716 seconds (0d 0h 0m 10s)

---------------  T H R E A D  ---------------

Current thread (0x000002abb50b50b0):  JavaThread "C2 CompilerThread0" daemon [_thread_in_native, id=17344, stack(0x000000ffa1600000,0x000000ffa1700000)]


Current CompileTask:
C2:  10645 5542       4       org.apache.maven.repository.internal.ArtifactDescriptorReaderDelegate::convert (205 bytes)

Stack: [0x000000ffa1600000,0x000000ffa1700000]
Native frames: (J=compiled Java code, j=interpreted, Vv=VM code, C=native code)
V  [jvm.dll+0x67a04a]
V  [jvm.dll+0x7da4ed]
V  [jvm.dll+0x7dbe33]
V  [jvm.dll+0x7dc4a3]
V  [jvm.dll+0x24508f]
V  [jvm.dll+0xab773]
V  [jvm.dll+0xabd3c]
V  [jvm.dll+0x361bee]
V  [jvm.dll+0x32c431]
V  [jvm.dll+0x32b8ca]
V  [jvm.dll+0x21683f]
V  [jvm.dll+0x215c6f]
V  [jvm.dll+0x1a2960]
V  [jvm.dll+0x22610b]
V  [jvm.dll+0x2242ab]
V  [jvm.dll+0x79075c]
V  [jvm.dll+0x78abea]
V  [jvm.dll+0x678f35]
C  [ucrtbase.dll+0x37b0]
C  [KERNEL32.DLL+0x2e8d7]
C  [ntdll.dll+0x8c53c]


---------------  P R O C E S S  ---------------

Threads class SMR info:
_java_thread_list=0x000002abfba72ae0, length=13, elements={
0x000002ab97d79fd0, 0x000002abb509a500, 0x000002abb509bc30, 0x000002abb50b1a60,
0x000002abb50b2420, 0x000002abb50b3950, 0x000002abb50b4310, 0x000002abb50b50b0,
0x000002abb50b5b60, 0x000002abb50cc5d0, 0x000002abb53048c0, 0x000002abb53128a0,
0x000002abfb13f5a0
}

Java Threads: ( => current thread )
  0x000002ab97d79fd0 JavaThread "main" [_thread_in_native, id=15644, stack(0x000000ffa0900000,0x000000ffa0a00000)]
  0x000002abb509a500 JavaThread "Reference Handler" daemon [_thread_blocked, id=12624, stack(0x000000ffa1000000,0x000000ffa1100000)]
  0x000002abb509bc30 JavaThread "Finalizer" daemon [_thread_blocked, id=13620, stack(0x000000ffa1100000,0x000000ffa1200000)]
  0x000002abb50b1a60 JavaThread "Signal Dispatcher" daemon [_thread_blocked, id=8068, stack(0x000000ffa1200000,0x000000ffa1300000)]
  0x000002abb50b2420 JavaThread "Attach Listener" daemon [_thread_blocked, id=12096, stack(0x000000ffa1300000,0x000000ffa1400000)]
  0x000002abb50b3950 JavaThread "Service Thread" daemon [_thread_blocked, id=15448, stack(0x000000ffa1400000,0x000000ffa1500000)]
  0x000002abb50b4310 JavaThread "Monitor Deflation Thread" daemon [_thread_blocked, id=11272, stack(0x000000ffa1500000,0x000000ffa1600000)]
=>0x000002abb50b50b0 JavaThread "C2 CompilerThread0" daemon [_thread_in_native, id=17344, stack(0x000000ffa1600000,0x000000ffa1700000)]
  0x000002abb50b5b60 JavaThread "C1 CompilerThread0" daemon [_thread_blocked, id=13432, stack(0x000000ffa1700000,0x000000ffa1800000)]
  0x000002abb50cc5d0 JavaThread "Sweeper thread" daemon [_thread_blocked, id=2388, stack(0x000000ffa1800000,0x000000ffa1900000)]
  0x000002abb53048c0 JavaThread "Notification Thread" daemon [_thread_blocked, id=12504, stack(0x000000ffa1900000,0x000000ffa1a00000)]
  0x000002abb53128a0 JavaThread "Common-Cleaner" daemon [_thread_blocked, id=16120, stack(0x000000ffa1b00000,0x000000ffa1c00000)]
  0x000002abfb13f5a0 JavaThread "Thread-1" daemon [_thread_blocked, id=16252, stack(0x000000ffa1c00000,0x000000ffa1d00000)]

Other Threads:
  0x000002abb5093fd0 VMThread "VM Thread" [stack: 0x000000ffa0f00000,0x000000ffa1000000] [id=7752]
  0x000002abb530dde0 WatcherThread [stack: 0x000000ffa1a00000,0x000000ffa1b00000] [id=18364]
  0x000002ab99f6ebe0 GCTaskThread "GC Thread#0" [stack: 0x000000ffa0a00000,0x000000ffa0b00000] [id=396]
  0x000002abb5874a20 GCTaskThread "GC Thread#1" [stack: 0x000000ffa1d00000,0x000000ffa1e00000] [id=18688]
  0x000002abb5b9c090 GCTaskThread "GC Thread#2" [stack: 0x000000ffa1e00000,0x000000ffa1f00000] [id=18608]
  0x000002abb5badbb0 GCTaskThread "GC Thread#3" [stack: 0x000000ffa1f00000,0x000000ffa2000000] [id=12512]
  0x000002ab99f774b0 ConcurrentGCThread "G1 Main Marker" [stack: 0x000000ffa0b00000,0x000000ffa0c00000] [id=8480]
  0x000002ab99f78b90 ConcurrentGCThread "G1 Conc#0" [stack: 0x000000ffa0c00000,0x000000ffa0d00000] [id=3828]
  0x000002ab99ff2dd0 ConcurrentGCThread "G1 Refine#0" [stack: 0x000000ffa0d00000,0x000000ffa0e00000] [id=10500]
  0x000002ab99ff46b0 ConcurrentGCThread "G1 Service" [stack: 0x000000ffa0e00000,0x000000ffa0f00000] [id=11640]

Threads with active compile tasks:
C2 CompilerThread0    10697 5542       4       org.apache.maven.repository.internal.ArtifactDescriptorReaderDelegate::convert (205 bytes)

VM state: not at safepoint (normal execution)

VM Mutex/Monitor currently owned by a thread: None

Heap address: 0x00000000c3400000, size: 972 MB, Compressed Oops mode: 32-bit

CDS archive(s) mapped at: [0x000002abb6000000-0x000002abb6bd0000-0x000002abb6bd0000), size 12386304, SharedBaseAddress: 0x000002abb6000000, ArchiveRelocationMode: 1.
Compressed class space mapped at: 0x000002abb7000000-0x000002abf7000000, reserved size: 1073741824
Narrow klass base: 0x000002abb6000000, Narrow klass shift: 0, Narrow klass range: 0x100000000

GC Precious Log:
 CPUs: 4 total, 4 available
 Memory: 3880M
 Large Page Support: Disabled
 NUMA Support: Disabled
 Compressed Oops: Enabled (32-bit)
 Heap Region Size: 1M
 Heap Min Capacity: 8M
 Heap Initial Capacity: 62M
 Heap Max Capacity: 972M
 Pre-touch: Disabled
 Parallel Workers: 4
 Concurrent Workers: 1
 Concurrent Refinement Workers: 4
 Periodic GC: Disabled

Heap:
 garbage-first heap   total 96256K, used 64454K [0x00000000c3400000, 0x0000000100000000)
  region size 1024K, 14 young (14336K), 2 survivors (2048K)
 Metaspace       used 26178K, committed 26560K, reserved 1114112K
  class space    used 3034K, committed 3200K, reserved 1048576K

Heap Regions: E=young(eden), S=young(survivor), O=old, HS=humongous(starts), HC=humongous(continues), CS=collection set, F=free, OA=open archive, CA=closed archive, TAMS=top-at-mark-start (previous, next)
|   0|0x00000000c3400000, 0x00000000c3500000, 0x00000000c3500000|100%| O|  |TAMS 0x00000000c3500000, 0x00000000c3400000| Untracked 
|   1|0x00000000c3500000, 0x00000000c3600000, 0x00000000c3600000|100%| O|  |TAMS 0x00000000c3600000, 0x00000000c3500000| Untracked 
|   2|0x00000000c3600000, 0x00000000c3700000, 0x00000000c3700000|100%| O|  |TAMS 0x00000000c3700000, 0x00000000c3600000| Untracked 
|   3|0x00000000c3700000, 0x00000000c3800000, 0x00000000c3800000|100%| O|  |TAMS 0x00000000c3800000, 0x00000000c3700000| Untracked 
|   4|0x00000000c3800000, 0x00000000c3900000, 0x00000000c3900000|100%| O|  |TAMS 0x00000000c3900000, 0x00000000c3800000| Untracked 
|   5|0x00000000c3900000, 0x00000000c3a00000, 0x00000000c3a00000|100%| O|  |TAMS 0x00000000c3a00000, 0x00000000c3900000| Untracked 
|   6|0x00000000c3a00000, 0x00000000c3b00000, 0x00000000c3b00000|100%| O|  |TAMS 0x00000000c3b00000, 0x00000000c3a00000| Untracked 
|   7|0x00000000c3b00000, 0x00000000c3c00000, 0x00000000c3c00000|100%| O|  |TAMS 0x00000000c3c00000, 0x00000000c3b00000| Untracked 
|   8|0x00000000c3c00000, 0x00000000c3d00000, 0x00000000c3d00000|100%| O|  |TAMS 0x00000000c3c00000, 0x00000000c3c00000| Untracked 
|   9|0x00000000c3d00000, 0x00000000c3e00000, 0x00000000c3e00000|100%| O|  |TAMS 0x00000000c3e00000, 0x00000000c3d00000| Untracked 
|  10|0x00000000c3e00000, 0x00000000c3f00000, 0x00000000c3f00000|100%| O|  |TAMS 0x00000000c3f00000, 0x00000000c3e00000| Untracked 
|  11|0x00000000c3f00000, 0x00000000c4000000, 0x00000000c4000000|100%| O|  |TAMS 0x00000000c4000000, 0x00000000c3f00000| Untracked 
|  12|0x00000000c4000000, 0x00000000c4100000, 0x00000000c4100000|100%| O|  |TAMS 0x00000000c4100000, 0x00000000c4000000| Untracked 
|  13|0x00000000c4100000, 0x00000000c4200000, 0x00000000c4200000|100%| O|  |TAMS 0x00000000c4200000, 0x00000000c4100000| Untracked 
|  14|0x00000000c4200000, 0x00000000c4300000, 0x00000000c4300000|100%| O|  |TAMS 0x00000000c4300000, 0x00000000c4200000| Untracked 
|  15|0x00000000c4300000, 0x00000000c4400000, 0x00000000c4400000|100%| O|  |TAMS 0x00000000c4400000, 0x00000000c4300000| Untracked 
|  16|0x00000000c4400000, 0x00000000c4500000, 0x00000000c4500000|100%| O|  |TAMS 0x00000000c4400000, 0x00000000c4400000| Untracked 
|  17|0x00000000c4500000, 0x00000000c454d000, 0x00000000c4600000| 30%| O|  |TAMS 0x00000000c4500000, 0x00000000c4500000| Untracked 
|  18|0x00000000c4600000, 0x00000000c4600000, 0x00000000c4700000|  0%| F|  |TAMS 0x00000000c4600000, 0x00000000c4600000| Untracked 
|  19|0x00000000c4700000, 0x00000000c4700000, 0x00000000c4800000|  0%| F|  |TAMS 0x00000000c4700000, 0x00000000c4700000| Untracked 
|  20|0x00000000c4800000, 0x00000000c4900000, 0x00000000c4900000|100%| O|  |TAMS 0x00000000c4900000, 0x00000000c4800000| Untracked 
|  21|0x00000000c4900000, 0x00000000c4a00000, 0x00000000c4a00000|100%| O|  |TAMS 0x00000000c49ea600, 0x00000000c4900000| Complete 
|  22|0x00000000c4a00000, 0x00000000c4b00000, 0x00000000c4b00000|100%|HS|  |TAMS 0x00000000c4b00000, 0x00000000c4a00000| Complete 
|  23|0x00000000c4b00000, 0x00000000c4c00000, 0x00000000c4c00000|100%|HC|  |TAMS 0x00000000c4c00000, 0x00000000c4b00000| Complete 
|  24|0x00000000c4c00000, 0x00000000c4d00000, 0x00000000c4d00000|100%|HC|  |TAMS 0x00000000c4d00000, 0x00000000c4c00000| Complete 
|  25|0x00000000c4d00000, 0x00000000c4e00000, 0x00000000c4e00000|100%|HC|  |TAMS 0x00000000c4e00000, 0x00000000c4d00000| Complete 
|  26|0x00000000c4e00000, 0x00000000c4f00000, 0x00000000c4f00000|100%|HC|  |TAMS 0x00000000c4f00000, 0x00000000c4e00000| Complete 
|  27|0x00000000c4f00000, 0x00000000c5000000, 0x00000000c5000000|100%|HC|  |TAMS 0x00000000c5000000, 0x00000000c4f00000| Complete 
|  28|0x00000000c5000000, 0x00000000c5100000, 0x00000000c5100000|100%|HC|  |TAMS 0x00000000c5100000, 0x00000000c5000000| Complete 
|  29|0x00000000c5100000, 0x00000000c5200000, 0x00000000c5200000|100%|HC|  |TAMS 0x00000000c5200000, 0x00000000c5100000| Complete 
|  30|0x00000000c5200000, 0x00000000c5300000, 0x00000000c5300000|100%|HS|  |TAMS 0x00000000c5300000, 0x00000000c5200000| Complete 
|  31|0x00000000c5300000, 0x00000000c5400000, 0x00000000c5400000|100%|HC|  |TAMS 0x00000000c5400000, 0x00000000c5300000| Complete 
|  32|0x00000000c5400000, 0x00000000c5500000, 0x00000000c5500000|100%|HC|  |TAMS 0x00000000c5500000, 0x00000000c5400000| Complete 
|  33|0x00000000c5500000, 0x00000000c5600000, 0x00000000c5600000|100%|HC|  |TAMS 0x00000000c5600000, 0x00000000c5500000| Complete 
|  34|0x00000000c5600000, 0x00000000c5700000, 0x00000000c5700000|100%|HC|  |TAMS 0x00000000c5700000, 0x00000000c5600000| Complete 
|  35|0x00000000c5700000, 0x00000000c5800000, 0x00000000c5800000|100%|HC|  |TAMS 0x00000000c5800000, 0x00000000c5700000| Complete 
|  36|0x00000000c5800000, 0x00000000c5900000, 0x00000000c5900000|100%|HC|  |TAMS 0x00000000c5900000, 0x00000000c5800000| Complete 
|  37|0x00000000c5900000, 0x00000000c5a00000, 0x00000000c5a00000|100%|HC|  |TAMS 0x00000000c5a00000, 0x00000000c5900000| Complete 
|  38|0x00000000c5a00000, 0x00000000c5b00000, 0x00000000c5b00000|100%|HC|  |TAMS 0x00000000c5b00000, 0x00000000c5a00000| Complete 
|  39|0x00000000c5b00000, 0x00000000c5c00000, 0x00000000c5c00000|100%|HC|  |TAMS 0x00000000c5c00000, 0x00000000c5b00000| Complete 
|  40|0x00000000c5c00000, 0x00000000c5d00000, 0x00000000c5d00000|100%|HC|  |TAMS 0x00000000c5d00000, 0x00000000c5c00000| Complete 
|  41|0x00000000c5d00000, 0x00000000c5e00000, 0x00000000c5e00000|100%|HC|  |TAMS 0x00000000c5e00000, 0x00000000c5d00000| Complete 
|  42|0x00000000c5e00000, 0x00000000c5f00000, 0x00000000c5f00000|100%|HS|  |TAMS 0x00000000c5e00000, 0x00000000c5e00000| Complete 
|  43|0x00000000c5f00000, 0x00000000c6000000, 0x00000000c6000000|100%|HC|  |TAMS 0x00000000c5f00000, 0x00000000c5f00000| Complete 
|  44|0x00000000c6000000, 0x00000000c6100000, 0x00000000c6100000|100%|HC|  |TAMS 0x00000000c6000000, 0x00000000c6000000| Complete 
|  45|0x00000000c6100000, 0x00000000c6200000, 0x00000000c6200000|100%|HC|  |TAMS 0x00000000c6100000, 0x00000000c6100000| Complete 
|  46|0x00000000c6200000, 0x00000000c6300000, 0x00000000c6300000|100%|HC|  |TAMS 0x00000000c6200000, 0x00000000c6200000| Complete 
|  47|0x00000000c6300000, 0x00000000c6400000, 0x00000000c6400000|100%|HC|  |TAMS 0x00000000c6300000, 0x00000000c6300000| Complete 
|  48|0x00000000c6400000, 0x00000000c6500000, 0x00000000c6500000|100%|HC|  |TAMS 0x00000000c6400000, 0x00000000c6400000| Complete 
|  49|0x00000000c6500000, 0x00000000c6600000, 0x00000000c6600000|100%|HC|  |TAMS 0x00000000c6500000, 0x00000000c6500000| Complete 
|  50|0x00000000c6600000, 0x00000000c6700000, 0x00000000c6700000|100%|HC|  |TAMS 0x00000000c6600000, 0x00000000c6600000| Complete 
|  51|0x00000000c6700000, 0x00000000c6800000, 0x00000000c6800000|100%|HC|  |TAMS 0x00000000c6700000, 0x00000000c6700000| Complete 
|  52|0x00000000c6800000, 0x00000000c6900000, 0x00000000c6900000|100%|HC|  |TAMS 0x00000000c6800000, 0x00000000c6800000| Complete 
|  53|0x00000000c6900000, 0x00000000c6a00000, 0x00000000c6a00000|100%|HC|  |TAMS 0x00000000c6900000, 0x00000000c6900000| Complete 
|  54|0x00000000c6a00000, 0x00000000c6a00000, 0x00000000c6b00000|  0%| F|  |TAMS 0x00000000c6a00000, 0x00000000c6a00000| Untracked 
|  55|0x00000000c6b00000, 0x00000000c6b00000, 0x00000000c6c00000|  0%| F|  |TAMS 0x00000000c6b00000, 0x00000000c6b00000| Untracked 
|  56|0x00000000c6c00000, 0x00000000c6c00000, 0x00000000c6d00000|  0%| F|  |TAMS 0x00000000c6c00000, 0x00000000c6c00000| Untracked 
|  57|0x00000000c6d00000, 0x00000000c6d00000, 0x00000000c6e00000|  0%| F|  |TAMS 0x00000000c6d00000, 0x00000000c6d00000| Untracked 
|  58|0x00000000c6e00000, 0x00000000c6e00000, 0x00000000c6f00000|  0%| F|  |TAMS 0x00000000c6e00000, 0x00000000c6e00000| Untracked 
|  59|0x00000000c6f00000, 0x00000000c6f00000, 0x00000000c7000000|  0%| F|  |TAMS 0x00000000c6f00000, 0x00000000c6f00000| Untracked 
|  60|0x00000000c7000000, 0x00000000c7000000, 0x00000000c7100000|  0%| F|  |TAMS 0x00000000c7000000, 0x00000000c7000000| Untracked 
|  61|0x00000000c7100000, 0x00000000c7100000, 0x00000000c7200000|  0%| F|  |TAMS 0x00000000c7100000, 0x00000000c7100000| Untracked 
|  62|0x00000000c7200000, 0x00000000c7200000, 0x00000000c7300000|  0%| F|  |TAMS 0x00000000c7200000, 0x00000000c7200000| Untracked 
|  63|0x00000000c7300000, 0x00000000c7300000, 0x00000000c7400000|  0%| F|  |TAMS 0x00000000c7300000, 0x00000000c7300000| Untracked 
|  64|0x00000000c7400000, 0x00000000c7400000, 0x00000000c7500000|  0%| F|  |TAMS 0x00000000c7400000, 0x00000000c7400000| Untracked 
|  65|0x00000000c7500000, 0x00000000c7500000, 0x00000000c7600000|  0%| F|  |TAMS 0x00000000c7500000, 0x00000000c7500000| Untracked 
|  66|0x00000000c7600000, 0x00000000c7600000, 0x00000000c7700000|  0%| F|  |TAMS 0x00000000c7600000, 0x00000000c7600000| Untracked 
|  67|0x00000000c7700000, 0x00000000c7800000, 0x00000000c7800000|100%| E|CS|TAMS 0x00000000c7700000, 0x00000000c7700000| Complete 
|  68|0x00000000c7800000, 0x00000000c78a4970, 0x00000000c7900000| 64%| S|CS|TAMS 0x00000000c7800000, 0x00000000c7800000| Complete 
|  69|0x00000000c7900000, 0x00000000c7a00000, 0x00000000c7a00000|100%| S|CS|TAMS 0x00000000c7900000, 0x00000000c7900000| Complete 
|  70|0x00000000c7a00000, 0x00000000c7b00000, 0x00000000c7b00000|100%| E|CS|TAMS 0x00000000c7a00000, 0x00000000c7a00000| Complete 
|  71|0x00000000c7b00000, 0x00000000c7b00000, 0x00000000c7c00000|  0%| F|  |TAMS 0x00000000c7b00000, 0x00000000c7b00000| Untracked 
|  72|0x00000000c7c00000, 0x00000000c7c00000, 0x00000000c7d00000|  0%| F|  |TAMS 0x00000000c7c00000, 0x00000000c7c00000| Untracked 
|  73|0x00000000c7d00000, 0x00000000c7d00000, 0x00000000c7e00000|  0%| F|  |TAMS 0x00000000c7d00000, 0x00000000c7d00000| Untracked 
|  74|0x00000000c7e00000, 0x00000000c7e00000, 0x00000000c7f00000|  0%| F|  |TAMS 0x00000000c7e00000, 0x00000000c7e00000| Untracked 
|  75|0x00000000c7f00000, 0x00000000c7f00000, 0x00000000c8000000|  0%| F|  |TAMS 0x00000000c7f00000, 0x00000000c7f00000| Untracked 
|  76|0x00000000c8000000, 0x00000000c8000000, 0x00000000c8100000|  0%| F|  |TAMS 0x00000000c8000000, 0x00000000c8000000| Untracked 
|  77|0x00000000c8100000, 0x00000000c8100000, 0x00000000c8200000|  0%| F|  |TAMS 0x00000000c8100000, 0x00000000c8100000| Untracked 
|  78|0x00000000c8200000, 0x00000000c8200000, 0x00000000c8300000|  0%| F|  |TAMS 0x00000000c8200000, 0x00000000c8200000| Untracked 
|  79|0x00000000c8300000, 0x00000000c8300000, 0x00000000c8400000|  0%| F|  |TAMS 0x00000000c8300000, 0x00000000c8300000| Untracked 
|  80|0x00000000c8400000, 0x00000000c8400000, 0x00000000c8500000|  0%| F|  |TAMS 0x00000000c8400000, 0x00000000c8400000| Untracked 
|  81|0x00000000c8500000, 0x00000000c8500000, 0x00000000c8600000|  0%| F|  |TAMS 0x00000000c8500000, 0x00000000c8500000| Untracked 
|  82|0x00000000c8600000, 0x00000000c8600000, 0x00000000c8700000|  0%| F|  |TAMS 0x00000000c8600000, 0x00000000c8600000| Untracked 
|  83|0x00000000c8700000, 0x00000000c8700000, 0x00000000c8800000|  0%| F|  |TAMS 0x00000000c8700000, 0x00000000c8700000| Untracked 
|  84|0x00000000c8800000, 0x00000000c88eb138, 0x00000000c8900000| 91%| E|  |TAMS 0x00000000c8800000, 0x00000000c8800000| Complete 
|  85|0x00000000c8900000, 0x00000000c8a00000, 0x00000000c8a00000|100%| E|CS|TAMS 0x00000000c8900000, 0x00000000c8900000| Complete 
|  86|0x00000000c8a00000, 0x00000000c8b00000, 0x00000000c8b00000|100%| E|CS|TAMS 0x00000000c8a00000, 0x00000000c8a00000| Complete 
|  87|0x00000000c8b00000, 0x00000000c8c00000, 0x00000000c8c00000|100%| E|CS|TAMS 0x00000000c8b00000, 0x00000000c8b00000| Complete 
|  88|0x00000000c8c00000, 0x00000000c8d00000, 0x00000000c8d00000|100%| E|CS|TAMS 0x00000000c8c00000, 0x00000000c8c00000| Complete 
|  89|0x00000000c8d00000, 0x00000000c8e00000, 0x00000000c8e00000|100%| E|CS|TAMS 0x00000000c8d00000, 0x00000000c8d00000| Complete 
|  90|0x00000000c8e00000, 0x00000000c8f00000, 0x00000000c8f00000|100%| E|CS|TAMS 0x00000000c8e00000, 0x00000000c8e00000| Complete 
|  91|0x00000000c8f00000, 0x00000000c9000000, 0x00000000c9000000|100%| E|CS|TAMS 0x00000000c8f00000, 0x00000000c8f00000| Complete 
|  92|0x00000000c9000000, 0x00000000c9100000, 0x00000000c9100000|100%| E|CS|TAMS 0x00000000c9000000, 0x00000000c9000000| Complete 
|  93|0x00000000c9100000, 0x00000000c9200000, 0x00000000c9200000|100%| E|  |TAMS 0x00000000c9100000, 0x00000000c9100000| Complete 

Card table byte_map: [0x000002abb09e0000,0x000002abb0bd0000] _byte_map_base: 0x000002abb03c6000

Marking Bits (Prev, Next): (CMBitMap*) 0x000002ab99f6f200, (CMBitMap*) 0x000002ab99f6f240
 Prev Bits: [0x000002abb0dc0000, 0x000002abb1cf0000)
 Next Bits: [0x000002abb1cf0000, 0x000002abb2c20000)

Polling page: 0x000002ab97e60000

Metaspace:

Usage:
  Non-class:     22.60 MB used.
      Class:      2.96 MB used.
       Both:     25.57 MB used.

Virtual space:
  Non-class space:       64.00 MB reserved,      22.81 MB ( 36%) committed,  1 nodes.
      Class space:        1.00 GB reserved,       3.12 MB ( <1%) committed,  1 nodes.
             Both:        1.06 GB reserved,      25.94 MB (  2%) committed. 

Chunk freelists:
   Non-Class:  8.67 MB
       Class:  12.91 MB
        Both:  21.58 MB

MaxMetaspaceSize: unlimited
CompressedClassSpaceSize: 1.00 GB
Initial GC threshold: 21.00 MB
Current GC threshold: 42.00 MB
CDS: on
MetaspaceReclaimPolicy: balanced
 - commit_granule_bytes: 65536.
 - commit_granule_words: 8192.
 - virtual_space_node_default_size: 8388608.
 - enlarge_chunks_in_place: 1.
 - new_chunks_are_fully_committed: 0.
 - uncommit_free_chunks: 1.
 - use_allocation_guard: 0.
 - handle_deallocations: 1.


Internal statistics:

num_allocs_failed_limit: 3.
num_arena_births: 176.
num_arena_deaths: 0.
num_vsnodes_births: 2.
num_vsnodes_deaths: 0.
num_space_committed: 415.
num_space_uncommitted: 0.
num_chunks_returned_to_freelist: 3.
num_chunks_taken_from_freelist: 995.
num_chunk_merges: 0.
num_chunk_splits: 639.
num_chunks_enlarged: 459.
num_inconsistent_stats: 0.

CodeHeap 'non-profiled nmethods': size=120000Kb used=2640Kb max_used=2640Kb free=117359Kb
 bounds [0x000002aba92c0000, 0x000002aba9560000, 0x000002abb07f0000]
CodeHeap 'profiled nmethods': size=120000Kb used=12608Kb max_used=12608Kb free=107392Kb
 bounds [0x000002aba17f0000, 0x000002aba2440000, 0x000002aba8d20000]
CodeHeap 'non-nmethods': size=5760Kb used=1238Kb max_used=1306Kb free=4522Kb
 bounds [0x000002aba8d20000, 0x000002aba8f90000, 0x000002aba92c0000]
 total_blobs=6164 nmethods=5624 adapters=452
 compilation: enabled
              stopped_count=0, restarted_count=0
 full_count=0

Compilation events (20 events):
Event: 10.566 Thread 0x000002abb50b5b60 5587   !   3       sun.nio.cs.StreamDecoder::close (48 bytes)
Event: 10.567 Thread 0x000002abb50b5b60 nmethod 5587 0x000002aba241cd10 code [0x000002aba241cf00, 0x000002aba241d4b8]
Event: 10.567 Thread 0x000002abb50b5b60 5588       3       sun.nio.cs.StreamDecoder::implClose (27 bytes)
Event: 10.567 Thread 0x000002abb50b5b60 nmethod 5588 0x000002aba241d710 code [0x000002aba241d8e0, 0x000002aba241dc18]
Event: 10.572 Thread 0x000002abb50b5b60 5589       3       java.util.zip.ZipFile$Source::initCEN (591 bytes)
Event: 10.576 Thread 0x000002abb50b5b60 nmethod 5589 0x000002aba241dd90 code [0x000002aba241e2c0, 0x000002aba2421538]
Event: 10.576 Thread 0x000002abb50b5b60 5590       3       jdk.internal.perf.PerfCounter::increment (6 bytes)
Event: 10.576 Thread 0x000002abb50b5b60 nmethod 5590 0x000002aba2422890 code [0x000002aba2422a20, 0x000002aba2422b68]
Event: 10.576 Thread 0x000002abb50b5b60 5591       3       java.util.zip.ZipFile::getEntryName (42 bytes)
Event: 10.576 Thread 0x000002abb50b5b60 nmethod 5591 0x000002aba2422c10 code [0x000002aba2422de0, 0x000002aba2423138]
Event: 10.581 Thread 0x000002abb50b5b60 5592       3       java.util.zip.Inflater::<init> (28 bytes)
Event: 10.581 Thread 0x000002abb50b5b60 nmethod 5592 0x000002aba2423310 code [0x000002aba2423500, 0x000002aba24239d8]
Event: 10.582 Thread 0x000002abb50b5b60 5593   !   3       java.util.zip.Inflater::getBytesWritten (23 bytes)
Event: 10.582 Thread 0x000002abb50b5b60 nmethod 5593 0x000002aba2423b90 code [0x000002aba2423d40, 0x000002aba2423f68]
Event: 10.608 Thread 0x000002abb50b5b60 5596       3       java.util.zip.ZipFile$Source::getEntryPos (9 bytes)
Event: 10.609 Thread 0x000002abb50b5b60 nmethod 5596 0x000002aba2424090 code [0x000002aba2424220, 0x000002aba2424358]
Event: 10.609 Thread 0x000002abb50b5b60 5597   !   3       java.util.jar.Attributes::read (494 bytes)
Event: 10.616 Thread 0x000002abb50b5b60 nmethod 5597 0x000002aba2424410 code [0x000002aba2424c00, 0x000002aba2428c48]
Event: 10.617 Thread 0x000002abb50b5b60 5599   !   3       jdk.proxy2.$Proxy5::annotationType (29 bytes)
Event: 10.617 Thread 0x000002abb50b5b60 nmethod 5599 0x000002aba242a510 code [0x000002aba242a6e0, 0x000002aba242aad8]

GC Heap History (20 events):
Event: 1.204 GC heap before
{Heap before GC invocations=1 (full 0):
 garbage-first heap   total 63488K, used 15520K [0x00000000c3400000, 0x0000000100000000)
  region size 1024K, 14 young (14336K), 2 survivors (2048K)
 Metaspace       used 5493K, committed 5696K, reserved 1114112K
  class space    used 660K, committed 768K, reserved 1048576K
}
Event: 1.210 GC heap after
{Heap after GC invocations=2 (full 0):
 garbage-first heap   total 63488K, used 4012K [0x00000000c3400000, 0x0000000100000000)
  region size 1024K, 1 young (1024K), 1 survivors (1024K)
 Metaspace       used 5493K, committed 5696K, reserved 1114112K
  class space    used 660K, committed 768K, reserved 1048576K
}
Event: 1.821 GC heap before
{Heap before GC invocations=2 (full 0):
 garbage-first heap   total 63488K, used 27564K [0x00000000c3400000, 0x0000000100000000)
  region size 1024K, 25 young (25600K), 1 survivors (1024K)
 Metaspace       used 8332K, committed 8512K, reserved 1114112K
  class space    used 989K, committed 1088K, reserved 1048576K
}
Event: 1.825 GC heap after
{Heap after GC invocations=3 (full 0):
 garbage-first heap   total 63488K, used 4701K [0x00000000c3400000, 0x0000000100000000)
  region size 1024K, 2 young (2048K), 2 survivors (2048K)
 Metaspace       used 8332K, committed 8512K, reserved 1114112K
  class space    used 989K, committed 1088K, reserved 1048576K
}
Event: 3.328 GC heap before
{Heap before GC invocations=3 (full 0):
 garbage-first heap   total 63488K, used 40541K [0x00000000c3400000, 0x0000000100000000)
  region size 1024K, 37 young (37888K), 2 survivors (2048K)
 Metaspace       used 14402K, committed 14592K, reserved 1114112K
  class space    used 1771K, committed 1856K, reserved 1048576K
}
Event: 3.343 GC heap after
{Heap after GC invocations=4 (full 0):
 garbage-first heap   total 63488K, used 8525K [0x00000000c3400000, 0x0000000100000000)
  region size 1024K, 5 young (5120K), 5 survivors (5120K)
 Metaspace       used 14402K, committed 14592K, reserved 1114112K
  class space    used 1771K, committed 1856K, reserved 1048576K
}
Event: 5.137 GC heap before
{Heap before GC invocations=4 (full 0):
 garbage-first heap   total 63488K, used 40269K [0x00000000c3400000, 0x0000000100000000)
  region size 1024K, 37 young (37888K), 5 survivors (5120K)
 Metaspace       used 21269K, committed 21504K, reserved 1114112K
  class space    used 2586K, committed 2688K, reserved 1048576K
}
Event: 5.160 GC heap after
{Heap after GC invocations=5 (full 0):
 garbage-first heap   total 63488K, used 13610K [0x00000000c3400000, 0x0000000100000000)
  region size 1024K, 5 young (5120K), 5 survivors (5120K)
 Metaspace       used 21269K, committed 21504K, reserved 1114112K
  class space    used 2586K, committed 2688K, reserved 1048576K
}
Event: 6.363 GC heap before
{Heap before GC invocations=6 (full 0):
 garbage-first heap   total 51200K, used 37162K [0x00000000c3400000, 0x0000000100000000)
  region size 1024K, 30 young (30720K), 5 survivors (5120K)
 Metaspace       used 23747K, committed 24000K, reserved 1114112K
  class space    used 2849K, committed 3008K, reserved 1048576K
}
Event: 6.381 GC heap after
{Heap after GC invocations=7 (full 0):
 garbage-first heap   total 51200K, used 17654K [0x00000000c3400000, 0x0000000100000000)
  region size 1024K, 4 young (4096K), 4 survivors (4096K)
 Metaspace       used 23747K, committed 24000K, reserved 1114112K
  class space    used 2849K, committed 3008K, reserved 1048576K
}
Event: 6.447 GC heap before
{Heap before GC invocations=7 (full 0):
 garbage-first heap   total 51200K, used 18678K [0x00000000c3400000, 0x0000000100000000)
  region size 1024K, 5 young (5120K), 4 survivors (4096K)
 Metaspace       used 23754K, committed 24064K, reserved 1114112K
  class space    used 2849K, committed 3008K, reserved 1048576K
}
Event: 6.457 GC heap after
{Heap after GC invocations=8 (full 0):
 garbage-first heap   total 51200K, used 18096K [0x00000000c3400000, 0x0000000100000000)
  region size 1024K, 1 young (1024K), 1 survivors (1024K)
 Metaspace       used 23754K, committed 24064K, reserved 1114112K
  class space    used 2849K, committed 3008K, reserved 1048576K
}
Event: 7.135 GC heap before
{Heap before GC invocations=8 (full 0):
 garbage-first heap   total 51200K, used 36528K [0x00000000c3400000, 0x0000000100000000)
  region size 1024K, 19 young (19456K), 1 survivors (1024K)
 Metaspace       used 23964K, committed 24256K, reserved 1114112K
  class space    used 2850K, committed 3008K, reserved 1048576K
}
Event: 7.139 GC heap after
{Heap after GC invocations=9 (full 0):
 garbage-first heap   total 72704K, used 18223K [0x00000000c3400000, 0x0000000100000000)
  region size 1024K, 1 young (1024K), 1 survivors (1024K)
 Metaspace       used 23964K, committed 24256K, reserved 1114112K
  class space    used 2850K, committed 3008K, reserved 1048576K
}
Event: 9.624 GC heap before
{Heap before GC invocations=9 (full 0):
 garbage-first heap   total 72704K, used 53039K [0x00000000c3400000, 0x0000000100000000)
  region size 1024K, 35 young (35840K), 1 survivors (1024K)
 Metaspace       used 24352K, committed 24704K, reserved 1114112K
  class space    used 2852K, committed 3008K, reserved 1048576K
}
Event: 9.630 GC heap after
{Heap after GC invocations=10 (full 0):
 garbage-first heap   total 72704K, used 19904K [0x00000000c3400000, 0x0000000100000000)
  region size 1024K, 3 young (3072K), 3 survivors (3072K)
 Metaspace       used 24352K, committed 24704K, reserved 1114112K
  class space    used 2852K, committed 3008K, reserved 1048576K
}
Event: 10.308 GC heap before
{Heap before GC invocations=10 (full 0):
 garbage-first heap   total 72704K, used 51648K [0x00000000c3400000, 0x0000000100000000)
  region size 1024K, 27 young (27648K), 3 survivors (3072K)
 Metaspace       used 25448K, committed 25728K, reserved 1114112K
  class space    used 2972K, committed 3136K, reserved 1048576K
}
Event: 10.316 GC heap after
{Heap after GC invocations=11 (full 0):
 garbage-first heap   total 72704K, used 29422K [0x00000000c3400000, 0x0000000100000000)
  region size 1024K, 4 young (4096K), 4 survivors (4096K)
 Metaspace       used 25448K, committed 25728K, reserved 1114112K
  class space    used 2972K, committed 3136K, reserved 1048576K
}
Event: 10.319 GC heap before
{Heap before GC invocations=11 (full 0):
 garbage-first heap   total 72704K, used 41710K [0x00000000c3400000, 0x0000000100000000)
  region size 1024K, 5 young (5120K), 4 survivors (4096K)
 Metaspace       used 25448K, committed 25728K, reserved 1114112K
  class space    used 2972K, committed 3136K, reserved 1048576K
}
Event: 10.324 GC heap after
{Heap after GC invocations=12 (full 0):
 garbage-first heap   total 72704K, used 41926K [0x00000000c3400000, 0x0000000100000000)
  region size 1024K, 2 young (2048K), 2 survivors (2048K)
 Metaspace       used 25448K, committed 25728K, reserved 1114112K
  class space    used 2972K, committed 3136K, reserved 1048576K
}

Deoptimization events (20 events):
Event: 10.200 Thread 0x000002ab97d79fd0 DEOPT PACKING pc=0x000002aba9397fac sp=0x000000ffa09fcc30
Event: 10.200 Thread 0x000002ab97d79fd0 DEOPT UNPACKING pc=0x000002aba8d723a3 sp=0x000000ffa09fcbb8 mode 2
Event: 10.213 Thread 0x000002ab97d79fd0 Uncommon trap: trap_request=0xffffffc6 fr.pc=0x000002aba9397fac relative=0x000000000000008c
Event: 10.213 Thread 0x000002ab97d79fd0 Uncommon trap: reason=bimorphic_or_optimized_type_check action=maybe_recompile pc=0x000002aba9397fac method=com.google.inject.internal.LinkedBindingImpl.acceptTargetVisitor(Lcom/google/inject/spi/BindingTargetVisitor;)Ljava/lang/Object; @ 2 c2
Event: 10.213 Thread 0x000002ab97d79fd0 DEOPT PACKING pc=0x000002aba9397fac sp=0x000000ffa09fcc30
Event: 10.213 Thread 0x000002ab97d79fd0 DEOPT UNPACKING pc=0x000002aba8d723a3 sp=0x000000ffa09fcbb8 mode 2
Event: 10.214 Thread 0x000002ab97d79fd0 Uncommon trap: trap_request=0xffffffc6 fr.pc=0x000002aba9397fac relative=0x000000000000008c
Event: 10.214 Thread 0x000002ab97d79fd0 Uncommon trap: reason=bimorphic_or_optimized_type_check action=maybe_recompile pc=0x000002aba9397fac method=com.google.inject.internal.LinkedBindingImpl.acceptTargetVisitor(Lcom/google/inject/spi/BindingTargetVisitor;)Ljava/lang/Object; @ 2 c2
Event: 10.214 Thread 0x000002ab97d79fd0 DEOPT PACKING pc=0x000002aba9397fac sp=0x000000ffa09fcc30
Event: 10.214 Thread 0x000002ab97d79fd0 DEOPT UNPACKING pc=0x000002aba8d723a3 sp=0x000000ffa09fcbb8 mode 2
Event: 10.357 Thread 0x000002ab97d79fd0 Uncommon trap: trap_request=0xffffff45 fr.pc=0x000002aba95054a4 relative=0x0000000000000464
Event: 10.357 Thread 0x000002ab97d79fd0 Uncommon trap: reason=unstable_if action=reinterpret pc=0x000002aba95054a4 method=java.util.WeakHashMap.expungeStaleEntries()V @ 9 c2
Event: 10.357 Thread 0x000002ab97d79fd0 DEOPT PACKING pc=0x000002aba95054a4 sp=0x000000ffa09fca00
Event: 10.357 Thread 0x000002ab97d79fd0 DEOPT UNPACKING pc=0x000002aba8d723a3 sp=0x000000ffa09fc8b8 mode 2
Event: 10.392 Thread 0x000002ab97d79fd0 Uncommon trap: trap_request=0xffffff45 fr.pc=0x000002aba93680b8 relative=0x0000000000000198
Event: 10.392 Thread 0x000002ab97d79fd0 Uncommon trap: reason=unstable_if action=reinterpret pc=0x000002aba93680b8 method=java.util.WeakHashMap.expungeStaleEntries()V @ 9 c2
Event: 10.392 Thread 0x000002ab97d79fd0 DEOPT PACKING pc=0x000002aba93680b8 sp=0x000000ffa09fc920
Event: 10.392 Thread 0x000002ab97d79fd0 DEOPT UNPACKING pc=0x000002aba8d723a3 sp=0x000000ffa09fc8b8 mode 2
Event: 10.564 Thread 0x000002ab97d79fd0 DEOPT PACKING pc=0x000002aba1d8d9f3 sp=0x000000ffa09fc280
Event: 10.564 Thread 0x000002ab97d79fd0 DEOPT UNPACKING pc=0x000002aba8d72b43 sp=0x000000ffa09fb7a0 mode 0

Classes unloaded (0 events):
No events

Classes redefined (0 events):
No events

Internal exceptions (20 events):
Event: 5.669 Thread 0x000002abfb5baa20 Exception <a 'sun/nio/fs/WindowsException'{0x00000000c606e190}> (0x00000000c606e190) 
thrown [s\open\src\hotspot\share\prims\jni.cpp, line 516]
Event: 5.707 Thread 0x000002ab97d79fd0 Exception <a 'sun/nio/fs/WindowsException'{0x00000000c60feb30}> (0x00000000c60feb30) 
thrown [s\open\src\hotspot\share\prims\jni.cpp, line 516]
Event: 5.737 Thread 0x000002ab97d79fd0 Exception <a 'sun/nio/fs/WindowsException'{0x00000000c5fc4de8}> (0x00000000c5fc4de8) 
thrown [s\open\src\hotspot\share\prims\jni.cpp, line 516]
Event: 5.739 Thread 0x000002ab97d79fd0 Exception <a 'sun/nio/fs/WindowsException'{0x00000000c5fd0820}> (0x00000000c5fd0820) 
thrown [s\open\src\hotspot\share\prims\jni.cpp, line 516]
Event: 5.741 Thread 0x000002ab97d79fd0 Exception <a 'sun/nio/fs/WindowsException'{0x00000000c5fdc2c8}> (0x00000000c5fdc2c8) 
thrown [s\open\src\hotspot\share\prims\jni.cpp, line 516]
Event: 5.743 Thread 0x000002ab97d79fd0 Exception <a 'sun/nio/fs/WindowsException'{0x00000000c5fe7d28}> (0x00000000c5fe7d28) 
thrown [s\open\src\hotspot\share\prims\jni.cpp, line 516]
Event: 5.745 Thread 0x000002ab97d79fd0 Exception <a 'sun/nio/fs/WindowsException'{0x00000000c5ff37b0}> (0x00000000c5ff37b0) 
thrown [s\open\src\hotspot\share\prims\jni.cpp, line 516]
Event: 5.748 Thread 0x000002ab97d79fd0 Exception <a 'sun/nio/fs/WindowsException'{0x00000000c5fff238}> (0x00000000c5fff238) 
thrown [s\open\src\hotspot\share\prims\jni.cpp, line 516]
Event: 5.752 Thread 0x000002ab97d79fd0 Exception <a 'sun/nio/fs/WindowsException'{0x00000000c5e0b458}> (0x00000000c5e0b458) 
thrown [s\open\src\hotspot\share\prims\jni.cpp, line 516]
Event: 5.757 Thread 0x000002ab97d79fd0 Exception <a 'sun/nio/fs/WindowsException'{0x00000000c5e16f80}> (0x00000000c5e16f80) 
thrown [s\open\src\hotspot\share\prims\jni.cpp, line 516]
Event: 5.761 Thread 0x000002ab97d79fd0 Exception <a 'sun/nio/fs/WindowsException'{0x00000000c5e22a90}> (0x00000000c5e22a90) 
thrown [s\open\src\hotspot\share\prims\jni.cpp, line 516]
Event: 5.984 Thread 0x000002ab97d79fd0 Implicit null exception at 0x000002aba93c9936 to 0x000002aba93c9a30
Event: 5.984 Thread 0x000002ab97d79fd0 Implicit null exception at 0x000002aba936bcef to 0x000002aba936becc
Event: 5.984 Thread 0x000002ab97d79fd0 Implicit null exception at 0x000002aba9390fe0 to 0x000002aba939107a
Event: 5.985 Thread 0x000002ab97d79fd0 Exception <a 'java/lang/NoSuchMethodError'{0x00000000c57b3910}: 'void java.lang.invoke.DirectMethodHandle$Holder.invokeStatic(java.lang.Object, java.lang.Object, java.lang.Object, java.lang.Object)'> (0x00000000c57b3910) 
thrown [s\open\src\hotspot\share\interpreter\linkResolver.cpp, line 759]
Event: 5.997 Thread 0x000002ab97d79fd0 Exception <a 'java/lang/NoSuchMethodError'{0x00000000c5635cc8}: 'int java.lang.invoke.DirectMethodHandle$Holder.invokeSpecialIFC(java.lang.Object, java.lang.Object, java.lang.Object, java.lang.Object)'> (0x00000000c5635cc8) 
thrown [s\open\src\hotspot\share\interpreter\linkResolver.cpp, line 759]
Event: 10.003 Thread 0x000002ab97d79fd0 Exception <a 'java/lang/NoSuchMethodError'{0x00000000c6f364d0}: 'java.lang.Object java.lang.invoke.DirectMethodHandle$Holder.newInvokeSpecial(java.lang.Object, java.lang.Object, java.lang.Object, java.lang.Object, java.lang.Object, java.lang.Object, java.lang.Object)'> (0x00000000c6f364d0) 
thrown [s\open\src\hotspot\share\interpreter\linkResolver.cpp, line 759]
Event: 10.004 Thread 0x000002ab97d79fd0 Exception <a 'java/lang/NoSuchMethodError'{0x00000000c6f3ade0}: 'java.lang.Object java.lang.invoke.Invokers$Holder.linkToTargetMethod(java.lang.Object, java.lang.Object, java.lang.Object, java.lang.Object, java.lang.Object, java.lang.Object, java.lang.Object)'> (0x00000000c6f3ade0) 
thrown [s\open\src\hotspot\share\interpreter\linkResolver.cpp, line 759]
Event: 10.240 Thread 0x000002ab97d79fd0 Exception <a 'java/lang/NoSuchMethodError'{0x00000000c652ced0}: 'int java.lang.invoke.DirectMethodHandle$Holder.invokeVirtual(java.lang.Object, java.lang.Object)'> (0x00000000c652ced0) 
thrown [s\open\src\hotspot\share\interpreter\linkResolver.cpp, line 759]
Event: 10.284 Thread 0x000002ab97d79fd0 Exception <a 'java/lang/NoSuchMethodError'{0x00000000c64f23f0}: 'int java.lang.invoke.DirectMethodHandle$Holder.invokeStatic(java.lang.Object, java.lang.Object, int)'> (0x00000000c64f23f0) 
thrown [s\open\src\hotspot\share\interpreter\linkResolver.cpp, line 759]

VM Operations (20 events):
Event: 6.447 Executing VM operation: G1CollectForAllocation
Event: 6.457 Executing VM operation: G1CollectForAllocation done
Event: 7.135 Executing VM operation: G1CollectForAllocation
Event: 7.139 Executing VM operation: G1CollectForAllocation done
Event: 8.147 Executing VM operation: Cleanup
Event: 8.147 Executing VM operation: Cleanup done
Event: 9.155 Executing VM operation: Cleanup
Event: 9.155 Executing VM operation: Cleanup done
Event: 9.624 Executing VM operation: G1CollectForAllocation
Event: 9.630 Executing VM operation: G1CollectForAllocation done
Event: 10.192 Executing VM operation: ICBufferFull
Event: 10.192 Executing VM operation: ICBufferFull done
Event: 10.308 Executing VM operation: G1TryInitiateConcMark
Event: 10.316 Executing VM operation: G1TryInitiateConcMark done
Event: 10.318 Executing VM operation: G1TryInitiateConcMark
Event: 10.324 Executing VM operation: G1TryInitiateConcMark done
Event: 10.366 Executing VM operation: G1Concurrent
Event: 10.373 Executing VM operation: G1Concurrent done
Event: 10.393 Executing VM operation: G1Concurrent
Event: 10.393 Executing VM operation: G1Concurrent done

Events (20 events):
Event: 10.201 loading class javax/xml/parsers/ParserConfigurationException
Event: 10.202 loading class javax/xml/parsers/ParserConfigurationException done
Event: 10.202 loading class org/xml/sax/SAXException
Event: 10.202 loading class org/xml/sax/SAXException done
Event: 10.202 loading class org/w3c/dom/Document
Event: 10.204 loading class org/w3c/dom/Document done
Event: 10.204 loading class org/w3c/dom/Element
Event: 10.204 loading class org/w3c/dom/Element done
Event: 10.259 loading class java/time/format/DateTimeParseException
Event: 10.260 loading class java/time/DateTimeException
Event: 10.260 loading class java/time/DateTimeException done
Event: 10.260 loading class java/time/format/DateTimeParseException done
Event: 10.268 loading class jdk/internal/reflect/UnsafeBooleanFieldAccessorImpl
Event: 10.268 loading class jdk/internal/reflect/UnsafeBooleanFieldAccessorImpl done
Event: 10.340 loading class java/nio/BufferMismatch
Event: 10.340 loading class java/nio/BufferMismatch done
Event: 10.341 loading class java/nio/file/attribute/PosixFileAttributes
Event: 10.341 loading class java/nio/file/attribute/PosixFileAttributes done
Event: 10.610 loading class java/io/FileWriter
Event: 10.610 loading class java/io/FileWriter done


Dynamic libraries:
0x00007ff752400000 - 0x00007ff752410000 	C:\Program Files\Java\jdk-17\bin\java.exe
0x00007ffe29920000 - 0x00007ffe29b87000 	C:\WINDOWS\SYSTEM32\ntdll.dll
0x00007ffe281e0000 - 0x00007ffe282a9000 	C:\WINDOWS\System32\KERNEL32.DLL
0x00007ffe26b50000 - 0x00007ffe26f3f000 	C:\WINDOWS\System32\KERNELBASE.dll
0x00007ffe26f50000 - 0x00007ffe2709b000 	C:\WINDOWS\System32\ucrtbase.dll
0x00007ffe154c0000 - 0x00007ffe154d9000 	C:\Program Files\Java\jdk-17\bin\jli.dll
0x00007ffe15370000 - 0x00007ffe1538b000 	C:\Program Files\Java\jdk-17\bin\VCRUNTIME140.dll
0x00007ffe29270000 - 0x00007ffe29324000 	C:\WINDOWS\System32\ADVAPI32.dll
0x00007ffe27f90000 - 0x00007ffe28039000 	C:\WINDOWS\System32\msvcrt.dll
0x00007ffe29330000 - 0x00007ffe293d6000 	C:\WINDOWS\System32\sechost.dll
0x00007ffe29440000 - 0x00007ffe29558000 	C:\WINDOWS\System32\RPCRT4.dll
0x00007ffe277c0000 - 0x00007ffe27985000 	C:\WINDOWS\System32\USER32.dll
0x00007ffe26b20000 - 0x00007ffe26b47000 	C:\WINDOWS\System32\win32u.dll
0x00007ffe29410000 - 0x00007ffe2943b000 	C:\WINDOWS\System32\GDI32.dll
0x00007ffe270a0000 - 0x00007ffe271cc000 	C:\WINDOWS\System32\gdi32full.dll
0x00007ffe26a70000 - 0x00007ffe26b13000 	C:\WINDOWS\System32\msvcp_win.dll
0x00007ffe0b8d0000 - 0x00007ffe0bb63000 	C:\WINDOWS\WinSxS\amd64_microsoft.windows.common-controls_6595b64144ccf1df_6.0.26100.7309_none_3e05feeae336a044\COMCTL32.dll
0x00007ffe145f0000 - 0x00007ffe145fb000 	C:\WINDOWS\SYSTEM32\VERSION.dll
0x00007ffe28340000 - 0x00007ffe28371000 	C:\WINDOWS\System32\IMM32.DLL
0x00007ffe1e280000 - 0x00007ffe1e28c000 	C:\Program Files\Java\jdk-17\bin\vcruntime140_1.dll
0x00007ffdfbed0000 - 0x00007ffdfbf5e000 	C:\Program Files\Java\jdk-17\bin\msvcp140.dll
0x00007ffd9e900000 - 0x00007ffd9f4e0000 	C:\Program Files\Java\jdk-17\bin\server\jvm.dll
0x00007ffe28a00000 - 0x00007ffe28a08000 	C:\WINDOWS\System32\PSAPI.DLL
0x00007ffe17ba0000 - 0x00007ffe17bd5000 	C:\WINDOWS\SYSTEM32\WINMM.dll
0x00007ffe20320000 - 0x00007ffe2032a000 	C:\WINDOWS\SYSTEM32\WSOCK32.dll
0x00007ffe296d0000 - 0x00007ffe29744000 	C:\WINDOWS\System32\WS2_32.dll
0x00007ffe25820000 - 0x00007ffe2583b000 	C:\WINDOWS\SYSTEM32\kernel.appcore.dll
0x00007ffe1e250000 - 0x00007ffe1e25a000 	C:\Program Files\Java\jdk-17\bin\jimage.dll
0x00007ffe23fd0000 - 0x00007ffe24212000 	C:\WINDOWS\SYSTEM32\DBGHELP.DLL
0x00007ffe27a10000 - 0x00007ffe27d95000 	C:\WINDOWS\System32\combase.dll
0x00007ffe28920000 - 0x00007ffe289f6000 	C:\WINDOWS\System32\OLEAUT32.dll
0x00007ffe17b60000 - 0x00007ffe17b9c000 	C:\WINDOWS\SYSTEM32\dbgcore.DLL
0x00007ffe273e0000 - 0x00007ffe27485000 	C:\WINDOWS\System32\bcryptPrimitives.dll
0x00007ffe11720000 - 0x00007ffe11745000 	C:\Program Files\Java\jdk-17\bin\java.dll
0x00007ffdef8a0000 - 0x00007ffdef977000 	C:\Program Files\Java\jdk-17\bin\jsvml.dll
0x00007ffe28b10000 - 0x00007ffe29263000 	C:\WINDOWS\System32\SHELL32.dll
0x00007ffe27490000 - 0x00007ffe275fa000 	C:\WINDOWS\System32\wintypes.dll
0x00007ffe24650000 - 0x00007ffe24eae000 	C:\WINDOWS\SYSTEM32\windows.storage.dll
0x00007ffe276c0000 - 0x00007ffe277b5000 	C:\WINDOWS\System32\SHCORE.dll
0x00007ffe282b0000 - 0x00007ffe28316000 	C:\WINDOWS\System32\shlwapi.dll
0x00007ffe26990000 - 0x00007ffe269b9000 	C:\WINDOWS\SYSTEM32\profapi.dll
0x00007ffe12470000 - 0x00007ffe12489000 	C:\Program Files\Java\jdk-17\bin\net.dll
0x00007ffe17740000 - 0x00007ffe17868000 	C:\WINDOWS\SYSTEM32\WINHTTP.dll
0x00007ffe25d90000 - 0x00007ffe25dfb000 	C:\WINDOWS\system32\mswsock.dll
0x00007ffe12120000 - 0x00007ffe12136000 	C:\Program Files\Java\jdk-17\bin\nio.dll
0x00007ffe11c30000 - 0x00007ffe11c48000 	C:\Program Files\Java\jdk-17\bin\zip.dll
0x00007ffe110d0000 - 0x00007ffe110f4000 	C:\Users\heman\.m2\wrapper\dists\apache-maven-3.9.12\59fe215c0ad6947fea90184bf7add084544567b927287592651fda3782e0e798\lib\jansi-native\Windows\x86_64\jansi.dll
0x00007ffe15480000 - 0x00007ffe15490000 	C:\Program Files\Java\jdk-17\bin\verify.dll
0x00007ffe15360000 - 0x00007ffe1536e000 	C:\Program Files\Java\jdk-17\bin\sunmscapi.dll
0x00007ffe271d0000 - 0x00007ffe27347000 	C:\WINDOWS\System32\CRYPT32.dll
0x00007ffe26270000 - 0x00007ffe262a0000 	C:\WINDOWS\SYSTEM32\ncrypt.dll
0x00007ffe26220000 - 0x00007ffe2625f000 	C:\WINDOWS\SYSTEM32\NTASN1.dll
0x00007ffe26050000 - 0x00007ffe2606b000 	C:\WINDOWS\SYSTEM32\CRYPTSP.dll
0x00007ffe25780000 - 0x00007ffe257ba000 	C:\WINDOWS\system32\rsaenh.dll
0x00007ffe25e40000 - 0x00007ffe25e6b000 	C:\WINDOWS\SYSTEM32\USERENV.dll
0x00007ffe26960000 - 0x00007ffe2698a000 	C:\WINDOWS\SYSTEM32\bcrypt.dll
0x00007ffe26070000 - 0x00007ffe2607c000 	C:\WINDOWS\SYSTEM32\CRYPTBASE.dll
0x00007ffe25360000 - 0x00007ffe25394000 	C:\WINDOWS\SYSTEM32\IPHLPAPI.DLL
0x00007ffe27f80000 - 0x00007ffe27f8a000 	C:\WINDOWS\System32\NSI.dll
0x00007ffe17b30000 - 0x00007ffe17b4e000 	C:\WINDOWS\SYSTEM32\dhcpcsvc6.DLL
0x00007ffe179b0000 - 0x00007ffe179d3000 	C:\WINDOWS\SYSTEM32\dhcpcsvc.DLL
0x00007ffe253a0000 - 0x00007ffe254cc000 	C:\WINDOWS\SYSTEM32\DNSAPI.dll
0x00007ffe1b510000 - 0x00007ffe1b51b000 	C:\Windows\System32\rasadhlp.dll
0x00007ffe18280000 - 0x00007ffe18306000 	C:\WINDOWS\System32\fwpuclnt.dll

dbghelp: loaded successfully - version: 4.0.5 - missing functions: none
symbol engine: initialized successfully - sym options: 0x614 - pdb path: .;C:\Program Files\Java\jdk-17\bin;C:\WINDOWS\SYSTEM32;C:\WINDOWS\WinSxS\amd64_microsoft.windows.common-controls_6595b64144ccf1df_6.0.26100.7309_none_3e05feeae336a044;C:\Program Files\Java\jdk-17\bin\server;C:\Users\heman\.m2\wrapper\dists\apache-maven-3.9.12\59fe215c0ad6947fea90184bf7add084544567b927287592651fda3782e0e798\lib\jansi-native\Windows\x86_64

VM Arguments:
jvm_args: --enable-native-access=ALL-UNNAMED -Dclassworlds.conf=C:\Users\heman\.m2\wrapper\dists\apache-maven-3.9.12\59fe215c0ad6947fea90184bf7add084544567b927287592651fda3782e0e798\bin\m2.conf -Dmaven.home=C:\Users\heman\.m2\wrapper\dists\apache-maven-3.9.12\59fe215c0ad6947fea90184bf7add084544567b927287592651fda3782e0e798 -Dlibrary.jansi.path=C:\Users\heman\.m2\wrapper\dists\apache-maven-3.9.12\59fe215c0ad6947fea90184bf7add084544567b927287592651fda3782e0e798\lib\jansi-native -Dmaven.multiModuleProjectDirectory=C:\Users\heman\Downloads\elearning\elearning 
java_command: org.codehaus.plexus.classworlds.launcher.Launcher spring-boot:run -DskipTests
java_class_path (initial): C:\Users\heman\.m2\wrapper\dists\apache-maven-3.9.12\59fe215c0ad6947fea90184bf7add084544567b927287592651fda3782e0e798\boot\plexus-classworlds-2.9.0.jar
Launcher Type: SUN_STANDARD

[Global flags]
     intx CICompilerCount                          = 3                                         {product} {ergonomic}
     uint ConcGCThreads                            = 1                                         {product} {ergonomic}
     uint G1ConcRefinementThreads                  = 4                                         {product} {ergonomic}
   size_t G1HeapRegionSize                         = 1048576                                   {product} {ergonomic}
    uintx GCDrainStackTargetSize                   = 64                                        {product} {ergonomic}
   size_t InitialHeapSize                          = 65011712                                  {product} {ergonomic}
   size_t MarkStackSize                            = 4194304                                   {product} {ergonomic}
   size_t MaxHeapSize                              = 1019215872                                {product} {ergonomic}
   size_t MaxNewSize                               = 611319808                                 {product} {ergonomic}
   size_t MinHeapDeltaBytes                        = 1048576                                   {product} {ergonomic}
   size_t MinHeapSize                              = 8388608                                   {product} {ergonomic}
    uintx NonNMethodCodeHeapSize                   = 5832780                                {pd product} {ergonomic}
    uintx NonProfiledCodeHeapSize                  = 122912730                              {pd product} {ergonomic}
    uintx ProfiledCodeHeapSize                     = 122912730                              {pd product} {ergonomic}
    uintx ReservedCodeCacheSize                    = 251658240                              {pd product} {ergonomic}
     bool SegmentedCodeCache                       = true                                      {product} {ergonomic}
   size_t SoftMaxHeapSize                          = 1019215872                             {manageable} {ergonomic}
     bool UseCompressedClassPointers               = true                           {product lp64_product} {ergonomic}
     bool UseCompressedOops                        = true                           {product lp64_product} {ergonomic}
     bool UseG1GC                                  = true                                      {product} {ergonomic}
     bool UseLargePagesIndividualAllocation        = false                                  {pd product} {ergonomic}

Logging:
Log output configuration:
 #0: stdout all=warning uptime,level,tags
 #1: stderr all=off uptime,level,tags

Environment Variables:
JAVA_HOME=C:\Program Files\Java\jdk-17
PATH=C:\Program Files\Common Files\Oracle\Java\javapath;C:\Program Files\Python313\Scripts\;C:\Program Files\Python313\;C:\Program Files (x86)\Common Files\Oracle\Java\javapath;C:\terraform;C:\WINDOWS\system32;C:\WINDOWS;C:\WINDOWS\System32\Wbem;C:\WINDOWS\System32\WindowsPowerShell\v1.0\;C:\WINDOWS\System32\OpenSSH\;C:\Program Files\Git\cmd;C:\Program Files\nodejs\;C:\Program Files\WireGuard\;C:\apache-tomcat-9.0.105\bin;C:\Program Files (x86)\Common Files\Oracle\Java\javapath;C:\Program Files (x86)\VMware\VMware Workstation\bin\;C:\terraform;C:\WINDOWS\system32;C:\WINDOWS;C:\WINDOWS\System32\Wbem;C:\WINDOWS\System32\WindowsPowerShell\v1.0\;C:\WINDOWS\System32\OpenSSH\;C:\Program Files\Git\cmd;C:\Program Files\nodejs\;C:\Program Files\WireGuard\;C:\apache-tomcat-9.0.105\bin;C:\Program Files\MySQL\MySQL Shell 8.0\bin\;C:\Users\heman\AppData\Local\Microsoft\WindowsApps;C:\Users\heman\AppData\Local\Programs\Microsoft VS Code\bin;C:\Program Files\Java\jdk-17\bin;C:\Users\heman\AppData\Roaming\npm;C:\apache-tomcat-9.0.105\bin;C:\Users\heman\AppData\Local\Programs\Antigravity\bin;c:\Users\heman\.antigravity\extensions\vscjava.vscode-java-debug-0.58.4-universal\bundled\scripts\noConfigScripts
USERNAME=heman
LANG=en_US.UTF-8
OS=Windows_NT
PROCESSOR_IDENTIFIER=Intel64 Family 6 Model 142 Stepping 12, GenuineIntel



---------------  S Y S T E M  ---------------

OS:
 Windows 11 , 64 bit Build 26100 (10.0.26100.7309)
OS uptime: 1 days 1:21 hours
Hyper-V role detected

CPU: total 4 (initial active 4) (2 cores per cpu, 2 threads per core) family 6 model 142 stepping 12 microcode 0xf0, cx8, cmov, fxsr, ht, mmx, 3dnowpref, sse, sse2, sse3, ssse3, sse4.1, sse4.2, popcnt, lzcnt, tsc, tscinvbit, avx, avx2, aes, erms, clmul, bmi1, bmi2, adx, fma, vzeroupper, clflush, clflushopt, hv

Memory: 4k page, system-wide physical 3880M (206M free)
TotalPageFile size 15656M (AvailPageFile size 4M)
current process WorkingSet (physical memory assigned to process): 181M, peak: 181M
current process commit charge ("private bytes"): 232M, peak: 233M

vm_info: Java HotSpot(TM) 64-Bit Server VM (17.0.12+8-LTS-286) for windows-amd64 JRE (17.0.12+8-LTS-286), built on Jun  5 2024 06:46:59 by "mach5one" with MS VC++ 17.6 (VS2022)

END.
